<<<<<<< HEAD
﻿Сборка начата 25.10.2016 19:51:48.
=======
<<<<<<< HEAD
﻿Сборка начата 25.10.2016 12:27:07.
=======
﻿Сборка начата 25.10.2016 12:21:35.
>>>>>>> steganography
>>>>>>> master
     1>Проект "D:\Projects\Lab5\Lab5\Lab5.vcxproj" в узле 2 (целевые объекты Build).
     1>ClCompile:
         C:\Program Files (x86)\Microsoft Visual Studio 11.0\VC\bin\CL.exe /c /ZI /nologo /W3 /WX- /sdl- /Od /Oy- /D WIN32 /D _DEBUG /D _CONSOLE /D _UNICODE /D UNICODE /Gm /EHsc /RTC1 /MDd /GS /fp:precise /Zc:wchar_t /Zc:forScope /Yu"stdafx.h" /Fp"Debug\Lab5.pch" /Fo"Debug\\" /Fd"Debug\vc110.pdb" /Gd /TP /analyze- /errorReport:prompt Lab5.cpp
         Lab5.cpp
     1>d:\projects\lab5\lab5\lab5.cpp(108): warning C4996: 'fopen': This function or variable may be unsafe. Consider using fopen_s instead. To disable deprecation, use _CRT_SECURE_NO_WARNINGS. See online help for details.
                 c:\program files (x86)\microsoft visual studio 11.0\vc\include\stdio.h(218): см. объявление "fopen"
     1>d:\projects\lab5\lab5\lab5.cpp(41): warning C4101: op1: неиспользованная локальная переменная
     1>d:\projects\lab5\lab5\lab5.cpp(43): warning C4101: act: неиспользованная локальная переменная
     1>d:\projects\lab5\lab5\lab5.cpp(42): warning C4101: op2: неиспользованная локальная переменная
     1>d:\projects\lab5\lab5\lab5.cpp(162): warning C4018: <: несоответствие типов со знаком и без знака
     1>d:\projects\lab5\lab5\lab5.cpp(176): warning C4018: <: несоответствие типов со знаком и без знака
       Link:
         C:\Program Files (x86)\Microsoft Visual Studio 11.0\VC\bin\link.exe /ERRORREPORT:PROMPT /OUT:"D:\Projects\Lab5\Debug\Lab5.exe" /INCREMENTAL /NOLOGO kernel32.lib user32.lib gdi32.lib winspool.lib comdlg32.lib advapi32.lib shell32.lib ole32.lib oleaut32.lib uuid.lib odbc32.lib odbccp32.lib /MANIFEST /MANIFESTUAC:"level='asInvoker' uiAccess='false'" /manifest:embed /DEBUG /PDB:"D:\Projects\Lab5\Debug\Lab5.pdb" /SUBSYSTEM:CONSOLE /TLBID:1 /DYNAMICBASE /NXCOMPAT /IMPLIB:"D:\Projects\Lab5\Debug\Lab5.lib" /MACHINE:X86 Debug\Lab5.obj
         Debug\stdafx.obj
         LINK : не найден или не выполнена сборка D:\Projects\Lab5\Debug\Lab5.exe при последней инкрементной компоновке; выполняется полная компоновка
         Lab5.vcxproj -> D:\Projects\Lab5\Debug\Lab5.exe
     1>Построение проекта "D:\Projects\Lab5\Lab5\Lab5.vcxproj" завершено (целевые объекты Build).

Сборка успешно завершена.

<<<<<<< HEAD
Затраченное время: 00:00:05.69
=======
<<<<<<< HEAD
Затраченное время: 00:00:03.00
=======
Затраченное время: 00:00:05.10
>>>>>>> steganography
>>>>>>> master
